已經開始建置於 2017/7/11 上午 05:15:50。
     1>節點 2 (Build 目標) 上的專案 "C:\project\CPS\CPS_MarkLib\CPS_MarkLib\CPS_MarkLib.vcxproj"。
     1>ClCompile:
         C:\Program Files (x86)\Microsoft Visual Studio 12.0\VC\bin\CL.exe /c /ZI /nologo /W3 /WX- /sdl /Od /Oy- /D WIN32 /D _DEBUG /D _CONSOLE /D _CRT_SECURE_NO_WARNINGS /D _UNICODE /D UNICODE /Gm /EHsc /RTC1 /MDd /GS /fp:precise /Zc:wchar_t /Zc:forScope /Yu"stdafx.h" /Fp"Debug\CPS_MarkLib.pch" /Fo"Debug\\" /Fd"Debug\vc120.pdb" /Gd /TP /analyze- /errorReport:prompt CPS_MarkLib.cpp
         CPS_MarkLib.cpp
     1>c:\dev\opencv2.4.10\build\include\opencv2\flann\dist.h : warning C4819: 檔案含有無法在目前字碼頁 (950) 中表示的字元。請以 Unicode 格式儲存檔案以防止資料遺失
     1>c:\dev\opencv2.4.10\build\include\opencv2\legacy\compat.hpp : warning C4819: 檔案含有無法在目前字碼頁 (950) 中表示的字元。請以 Unicode 格式儲存檔案以防止資料遺失
     1>c:\project\cps\cps_marklib\cps_marklib\cps_marklib.cpp(75): warning C4305: '=' : 從 'int' 轉換為 'float'，是由較大的類型轉換為較小的類型，可能導致資料遺失
     1>c:\project\cps\cps_marklib\cps_marklib\cps_marklib.cpp(78): warning C4305: '=' : 從 'double' 轉換為 'float'，是由較大的類型轉換為較小的類型，可能導致資料遺失
     1>c:\project\cps\cps_marklib\cps_marklib\cps_marklib.cpp(81): warning C4305: '=' : 從 'double' 轉換為 'float'，是由較大的類型轉換為較小的類型，可能導致資料遺失
     1>c:\project\cps\cps_marklib\cps_marklib\cps_marklib.cpp(84): warning C4305: '=' : 從 'double' 轉換為 'float'，是由較大的類型轉換為較小的類型，可能導致資料遺失
     1>c:\project\cps\cps_marklib\cps_marklib\cps_marklib.cpp(125): warning C4244: '引數' : 將 'float' 轉換為 'int'，由於類型不同，可能導致資料遺失
       Link:
         C:\Program Files (x86)\Microsoft Visual Studio 12.0\VC\bin\link.exe /ERRORREPORT:PROMPT /OUT:"C:\project\CPS\CPS_MarkLib\Debug\CPS_MarkLib.exe" /INCREMENTAL /NOLOGO opencv_calib3d2410d.lib opencv_contrib2410d.lib opencv_core2410d.lib opencv_features2d2410d.lib opencv_flann2410d.lib opencv_gpu2410d.lib opencv_highgui2410d.lib opencv_imgproc2410d.lib opencv_legacy2410d.lib opencv_ml2410d.lib opencv_nonfree2410d.lib opencv_objdetect2410d.lib opencv_ocl2410d.lib opencv_photo2410d.lib opencv_stitching2410d.lib opencv_superres2410d.lib opencv_ts2410d.lib opencv_video2410d.lib opencv_videostab2410d.lib kernel32.lib user32.lib gdi32.lib winspool.lib comdlg32.lib advapi32.lib shell32.lib ole32.lib oleaut32.lib uuid.lib odbc32.lib odbccp32.lib /MANIFEST /MANIFESTUAC:"level='asInvoker' uiAccess='false'" /manifest:embed /DEBUG /PDB:"C:\project\CPS\CPS_MarkLib\Debug\CPS_MarkLib.pdb" /SUBSYSTEM:CONSOLE /TLBID:1 /DYNAMICBASE /NXCOMPAT /IMPLIB:"C:\project\CPS\CPS_MarkLib\Debug\CPS_MarkLib.lib" /MACHINE:X86 Debug\CPS_MarkLib.obj
         Debug\CvConfigWindow.obj
         Debug\MarkDetector.obj
         Debug\StationMark.obj
         Debug\stdafx.obj
         CPS_MarkLib.vcxproj -> C:\project\CPS\CPS_MarkLib\Debug\CPS_MarkLib.exe
     1>專案 "C:\project\CPS\CPS_MarkLib\CPS_MarkLib\CPS_MarkLib.vcxproj" (Build 目標) 建置完成。

建置成功。

經過時間 00:00:03.16
